Started GET "/" for ::1 at 2022-08-27 13:01:51 -0300
  
ActiveRecord::NoDatabaseError (We could not find your database: dealership_api_development. Which can be found in the database configuration file located at config/database.yml.

To resolve this issue:

- Did you create the database for this app, or delete it? You may need to create your database.
- Has the database name changed? Check your database.yml config has the correct database name.

To create your database, run:

        bin/rails db:create
):
  
activerecord (7.0.3.1) lib/active_record/connection_adapters/postgresql_adapter.rb:81:in `rescue in new_client'
activerecord (7.0.3.1) lib/active_record/connection_adapters/postgresql_adapter.rb:77:in `new_client'
activerecord (7.0.3.1) lib/active_record/connection_adapters/postgresql_adapter.rb:37:in `postgresql_connection'
activerecord (7.0.3.1) lib/active_record/connection_adapters/abstract/connection_pool.rb:656:in `public_send'
activerecord (7.0.3.1) lib/active_record/connection_adapters/abstract/connection_pool.rb:656:in `new_connection'
activerecord (7.0.3.1) lib/active_record/connection_adapters/abstract/connection_pool.rb:700:in `checkout_new_connection'
activerecord (7.0.3.1) lib/active_record/connection_adapters/abstract/connection_pool.rb:679:in `try_to_checkout_new_connection'
activerecord (7.0.3.1) lib/active_record/connection_adapters/abstract/connection_pool.rb:640:in `acquire_connection'
activerecord (7.0.3.1) lib/active_record/connection_adapters/abstract/connection_pool.rb:341:in `checkout'
activerecord (7.0.3.1) lib/active_record/connection_adapters/abstract/connection_pool.rb:181:in `connection'
activerecord (7.0.3.1) lib/active_record/connection_adapters/abstract/connection_handler.rb:211:in `retrieve_connection'
activerecord (7.0.3.1) lib/active_record/connection_handling.rb:313:in `retrieve_connection'
activerecord (7.0.3.1) lib/active_record/connection_handling.rb:280:in `connection'
activerecord (7.0.3.1) lib/active_record/migration.rb:613:in `connection'
activerecord (7.0.3.1) lib/active_record/migration.rb:608:in `build_watcher'
activerecord (7.0.3.1) lib/active_record/migration.rb:590:in `block in call'
activerecord (7.0.3.1) lib/active_record/migration.rb:589:in `synchronize'
activerecord (7.0.3.1) lib/active_record/migration.rb:589:in `call'
actionpack (7.0.3.1) lib/action_dispatch/middleware/callbacks.rb:27:in `block in call'
activesupport (7.0.3.1) lib/active_support/callbacks.rb:99:in `run_callbacks'
actionpack (7.0.3.1) lib/action_dispatch/middleware/callbacks.rb:26:in `call'
actionpack (7.0.3.1) lib/action_dispatch/middleware/executor.rb:14:in `call'
actionpack (7.0.3.1) lib/action_dispatch/middleware/actionable_exceptions.rb:17:in `call'
actionpack (7.0.3.1) lib/action_dispatch/middleware/debug_exceptions.rb:28:in `call'
actionpack (7.0.3.1) lib/action_dispatch/middleware/show_exceptions.rb:26:in `call'
railties (7.0.3.1) lib/rails/rack/logger.rb:40:in `call_app'
railties (7.0.3.1) lib/rails/rack/logger.rb:25:in `block in call'
activesupport (7.0.3.1) lib/active_support/tagged_logging.rb:114:in `block in tagged'
activesupport (7.0.3.1) lib/active_support/tagged_logging.rb:38:in `tagged'
activesupport (7.0.3.1) lib/active_support/tagged_logging.rb:114:in `tagged'
railties (7.0.3.1) lib/rails/rack/logger.rb:25:in `call'
actionpack (7.0.3.1) lib/action_dispatch/middleware/remote_ip.rb:93:in `call'
actionpack (7.0.3.1) lib/action_dispatch/middleware/request_id.rb:26:in `call'
rack (2.2.4) lib/rack/runtime.rb:22:in `call'
activesupport (7.0.3.1) lib/active_support/cache/strategy/local_cache_middleware.rb:29:in `call'
actionpack (7.0.3.1) lib/action_dispatch/middleware/server_timing.rb:20:in `call'
actionpack (7.0.3.1) lib/action_dispatch/middleware/executor.rb:14:in `call'
actionpack (7.0.3.1) lib/action_dispatch/middleware/static.rb:23:in `call'
rack (2.2.4) lib/rack/sendfile.rb:110:in `call'
actionpack (7.0.3.1) lib/action_dispatch/middleware/host_authorization.rb:137:in `call'
railties (7.0.3.1) lib/rails/engine.rb:530:in `call'
puma (5.6.5) lib/puma/configuration.rb:252:in `call'
puma (5.6.5) lib/puma/request.rb:77:in `block in handle_request'
puma (5.6.5) lib/puma/thread_pool.rb:340:in `with_force_shutdown'
puma (5.6.5) lib/puma/request.rb:76:in `handle_request'
puma (5.6.5) lib/puma/server.rb:443:in `process_client'
puma (5.6.5) lib/puma/thread_pool.rb:147:in `block in spawn_thread'
Started POST "/rails/actions" for ::1 at 2022-08-27 13:01:55 -0300
  [1m[35m (288.4ms)[0m  [1m[35mCREATE DATABASE "dealership_api_development" ENCODING = 'unicode'[0m
  [1m[35m (182.5ms)[0m  [1m[35mCREATE DATABASE "dealership_api_test" ENCODING = 'unicode'[0m
Started GET "/" for ::1 at 2022-08-27 13:01:56 -0300
Processing by Rails::WelcomeController#index as HTML
  Rendering /home/pedrozambao/.rbenv/versions/3.1.2/lib/ruby/gems/3.1.0/gems/railties-7.0.3.1/lib/rails/templates/rails/welcome/index.html.erb
  Rendered /home/pedrozambao/.rbenv/versions/3.1.2/lib/ruby/gems/3.1.0/gems/railties-7.0.3.1/lib/rails/templates/rails/welcome/index.html.erb (Duration: 4.0ms | Allocations: 329)
Completed 200 OK in 15ms (Views: 6.3ms | ActiveRecord: 0.0ms | Allocations: 2696)


  [1m[35m (9.5ms)[0m  [1m[35mCREATE TABLE "schema_migrations" ("version" character varying NOT NULL PRIMARY KEY)[0m
  [1m[35m (4.6ms)[0m  [1m[35mCREATE TABLE "ar_internal_metadata" ("key" character varying NOT NULL PRIMARY KEY, "value" character varying, "created_at" timestamp(6) NOT NULL, "updated_at" timestamp(6) NOT NULL)[0m
  [1m[35m (0.2ms)[0m  [1m[34mSELECT pg_try_advisory_lock(2275652516797176195)[0m
  [1m[36mActiveRecord::SchemaMigration Pluck (0.3ms)[0m  [1m[34mSELECT "schema_migrations"."version" FROM "schema_migrations" ORDER BY "schema_migrations"."version" ASC[0m
Migrating to CreateCars (20220827160505)
  [1m[36mTRANSACTION (0.1ms)[0m  [1m[35mBEGIN[0m
  [1m[35m (5.4ms)[0m  [1m[35mCREATE TABLE "cars" ("id" bigserial primary key, "model" character varying, "maker" character varying, "year" character varying, "created_at" timestamp(6) NOT NULL, "updated_at" timestamp(6) NOT NULL)[0m
  [1m[36mActiveRecord::SchemaMigration Create (0.6ms)[0m  [1m[32mINSERT INTO "schema_migrations" ("version") VALUES ($1) RETURNING "version"[0m  [["version", "20220827160505"]]
  [1m[36mTRANSACTION (0.9ms)[0m  [1m[35mCOMMIT[0m
  [1m[36mActiveRecord::InternalMetadata Load (0.3ms)[0m  [1m[34mSELECT "ar_internal_metadata".* FROM "ar_internal_metadata" WHERE "ar_internal_metadata"."key" = $1 LIMIT $2[0m  [["key", "environment"], ["LIMIT", 1]]
  [1m[36mTRANSACTION (0.1ms)[0m  [1m[35mBEGIN[0m
  [1m[36mActiveRecord::InternalMetadata Create (0.4ms)[0m  [1m[32mINSERT INTO "ar_internal_metadata" ("key", "value", "created_at", "updated_at") VALUES ($1, $2, $3, $4) RETURNING "key"[0m  [["key", "environment"], ["value", "development"], ["created_at", "2022-08-27 16:05:50.186847"], ["updated_at", "2022-08-27 16:05:50.186847"]]
  [1m[36mTRANSACTION (0.8ms)[0m  [1m[35mCOMMIT[0m
  [1m[35m (0.2ms)[0m  [1m[34mSELECT pg_advisory_unlock(2275652516797176195)[0m
  [1m[36mActiveRecord::SchemaMigration Pluck (0.4ms)[0m  [1m[34mSELECT "schema_migrations"."version" FROM "schema_migrations" ORDER BY "schema_migrations"."version" ASC[0m
Started GET "/" for 127.0.0.1 at 2022-08-27 13:15:26 -0300
  [1m[36mActiveRecord::SchemaMigration Pluck (0.5ms)[0m  [1m[34mSELECT "schema_migrations"."version" FROM "schema_migrations" ORDER BY "schema_migrations"."version" ASC[0m
Processing by Rails::WelcomeController#index as */*
  Rendering /home/pedrozambao/.rbenv/versions/3.1.2/lib/ruby/gems/3.1.0/gems/railties-7.0.3.1/lib/rails/templates/rails/welcome/index.html.erb
  Rendered /home/pedrozambao/.rbenv/versions/3.1.2/lib/ruby/gems/3.1.0/gems/railties-7.0.3.1/lib/rails/templates/rails/welcome/index.html.erb (Duration: 1.3ms | Allocations: 550)
Completed 200 OK in 10ms (Views: 3.9ms | ActiveRecord: 0.0ms | Allocations: 3673)


Started GET "/" for 127.0.0.1 at 2022-08-27 13:15:39 -0300
Processing by Rails::WelcomeController#index as */*
  Parameters: {"welcome"=>{}}
  Rendering /home/pedrozambao/.rbenv/versions/3.1.2/lib/ruby/gems/3.1.0/gems/railties-7.0.3.1/lib/rails/templates/rails/welcome/index.html.erb
  Rendered /home/pedrozambao/.rbenv/versions/3.1.2/lib/ruby/gems/3.1.0/gems/railties-7.0.3.1/lib/rails/templates/rails/welcome/index.html.erb (Duration: 1.7ms | Allocations: 324)
Completed 200 OK in 5ms (Views: 3.7ms | ActiveRecord: 0.0ms | Allocations: 1056)


Started GET "/cars" for 127.0.0.1 at 2022-08-27 13:16:19 -0300
Processing by CarsController#index as */*
  Parameters: {"car"=>{}}
  [1m[36mCar Load (0.4ms)[0m  [1m[34mSELECT "cars".* FROM "cars"[0m
  ↳ app/controllers/cars_controller.rb:8:in `index'
Completed 200 OK in 2ms (Views: 1.5ms | ActiveRecord: 1.9ms | Allocations: 1157)


Started POST "/cars" for 127.0.0.1 at 2022-08-27 13:17:48 -0300
Processing by CarsController#create as */*
  Parameters: {"model"=>"Corsa Premium 1.4 econoflex", "maker"=>"Chevrolet", "year"=>"2008", "car"=>{"model"=>"Corsa Premium 1.4 econoflex", "maker"=>"Chevrolet", "year"=>"2008"}}
  [1m[36mTRANSACTION (0.7ms)[0m  [1m[35mBEGIN[0m
  ↳ app/controllers/cars_controller.rb:20:in `create'
  [1m[36mCar Create (1.0ms)[0m  [1m[32mINSERT INTO "cars" ("model", "maker", "year", "created_at", "updated_at") VALUES ($1, $2, $3, $4, $5) RETURNING "id"[0m  [["model", "Corsa Premium 1.4 econoflex"], ["maker", "Chevrolet"], ["year", "2008"], ["created_at", "2022-08-27 16:17:48.948764"], ["updated_at", "2022-08-27 16:17:48.948764"]]
  ↳ app/controllers/cars_controller.rb:20:in `create'
  [1m[36mTRANSACTION (2.4ms)[0m  [1m[35mCOMMIT[0m
  ↳ app/controllers/cars_controller.rb:20:in `create'
Completed 201 Created in 100ms (Views: 2.1ms | ActiveRecord: 7.6ms | Allocations: 7401)


Started GET "/cars" for 127.0.0.1 at 2022-08-27 13:17:55 -0300
Processing by CarsController#index as */*
  Parameters: {"model"=>"Corsa Premium 1.4 econoflex", "maker"=>"Chevrolet", "year"=>"2008", "car"=>{"model"=>"Corsa Premium 1.4 econoflex", "maker"=>"Chevrolet", "year"=>"2008"}}
  [1m[36mCar Load (0.4ms)[0m  [1m[34mSELECT "cars".* FROM "cars"[0m
  ↳ app/controllers/cars_controller.rb:8:in `index'
Completed 200 OK in 3ms (Views: 2.0ms | ActiveRecord: 0.4ms | Allocations: 920)


Started POST "/cars/1" for 127.0.0.1 at 2022-08-27 13:18:54 -0300
  
ActionController::RoutingError (No route matches [POST] "/cars/1"):
  
Started PUT "/cars/1" for 127.0.0.1 at 2022-08-27 13:19:05 -0300
Processing by CarsController#update as */*
  Parameters: {"model"=>"Corsa Premium 1.8 econoflex", "maker"=>"Chevrolet", "year"=>"2008", "id"=>"1", "car"=>{"model"=>"Corsa Premium 1.8 econoflex", "maker"=>"Chevrolet", "year"=>"2008"}}
  [1m[36mCar Load (0.4ms)[0m  [1m[34mSELECT "cars".* FROM "cars" WHERE "cars"."id" = $1 LIMIT $2[0m  [["id", 1], ["LIMIT", 1]]
  ↳ app/controllers/cars_controller.rb:44:in `set_car'
  [1m[36mTRANSACTION (0.2ms)[0m  [1m[35mBEGIN[0m
  ↳ app/controllers/cars_controller.rb:29:in `update'
  [1m[36mCar Update (0.8ms)[0m  [1m[33mUPDATE "cars" SET "model" = $1, "updated_at" = $2 WHERE "cars"."id" = $3[0m  [["model", "Corsa Premium 1.8 econoflex"], ["updated_at", "2022-08-27 16:19:05.185889"], ["id", 1]]
  ↳ app/controllers/cars_controller.rb:29:in `update'
  [1m[36mTRANSACTION (1.5ms)[0m  [1m[35mCOMMIT[0m
  ↳ app/controllers/cars_controller.rb:29:in `update'
Completed 200 OK in 21ms (Views: 0.6ms | ActiveRecord: 3.2ms | Allocations: 4477)


Started GET "/cars" for 127.0.0.1 at 2022-08-27 13:19:11 -0300
Processing by CarsController#index as */*
  Parameters: {"model"=>"Corsa Premium 1.8 econoflex", "maker"=>"Chevrolet", "year"=>"2008", "car"=>{"model"=>"Corsa Premium 1.8 econoflex", "maker"=>"Chevrolet", "year"=>"2008"}}
  [1m[36mCar Load (0.2ms)[0m  [1m[34mSELECT "cars".* FROM "cars"[0m
  ↳ app/controllers/cars_controller.rb:8:in `index'
Completed 200 OK in 2ms (Views: 1.3ms | ActiveRecord: 0.2ms | Allocations: 814)


Started PUT "/cars/1" for 127.0.0.1 at 2022-08-27 13:24:36 -0300
Processing by CarsController#update as */*
  Parameters: {"model"=>"Corsa Premium 1.4 econoflex", "maker"=>"Chevrolet", "year"=>"2008", "id"=>"1", "car"=>{"model"=>"Corsa Premium 1.4 econoflex", "maker"=>"Chevrolet", "year"=>"2008"}}
  [1m[36mCar Load (1.0ms)[0m  [1m[34mSELECT "cars".* FROM "cars" WHERE "cars"."id" = $1 LIMIT $2[0m  [["id", 1], ["LIMIT", 1]]
  ↳ app/controllers/cars_controller.rb:44:in `set_car'
  [1m[36mTRANSACTION (0.5ms)[0m  [1m[35mBEGIN[0m
  ↳ app/controllers/cars_controller.rb:29:in `update'
  [1m[36mCar Update (0.8ms)[0m  [1m[33mUPDATE "cars" SET "model" = $1, "updated_at" = $2 WHERE "cars"."id" = $3[0m  [["model", "Corsa Premium 1.4 econoflex"], ["updated_at", "2022-08-27 16:24:36.619173"], ["id", 1]]
  ↳ app/controllers/cars_controller.rb:29:in `update'
  [1m[36mTRANSACTION (4.8ms)[0m  [1m[35mCOMMIT[0m
  ↳ app/controllers/cars_controller.rb:29:in `update'
Completed 200 OK in 46ms (Views: 1.1ms | ActiveRecord: 20.2ms | Allocations: 5422)


Started POST "/cars" for 127.0.0.1 at 2022-08-27 13:25:14 -0300
Processing by CarsController#create as */*
  Parameters: {"model"=>"Celta LT 1.0 VHC-E", "maker"=>"Chevrolet", "year"=>"2008", "car"=>{"model"=>"Celta LT 1.0 VHC-E", "maker"=>"Chevrolet", "year"=>"2008"}}
  [1m[36mTRANSACTION (0.3ms)[0m  [1m[35mBEGIN[0m
  ↳ app/controllers/cars_controller.rb:20:in `create'
  [1m[36mCar Create (1.1ms)[0m  [1m[32mINSERT INTO "cars" ("model", "maker", "year", "created_at", "updated_at") VALUES ($1, $2, $3, $4, $5) RETURNING "id"[0m  [["model", "Celta LT 1.0 VHC-E"], ["maker", "Chevrolet"], ["year", "2008"], ["created_at", "2022-08-27 16:25:14.834824"], ["updated_at", "2022-08-27 16:25:14.834824"]]
  ↳ app/controllers/cars_controller.rb:20:in `create'
  [1m[36mTRANSACTION (1.5ms)[0m  [1m[35mCOMMIT[0m
  ↳ app/controllers/cars_controller.rb:20:in `create'
Completed 201 Created in 11ms (Views: 0.7ms | ActiveRecord: 2.9ms | Allocations: 2064)


Started POST "/cars" for 127.0.0.1 at 2022-08-27 13:26:24 -0300
Processing by CarsController#create as */*
  Parameters: {"model"=>"Gol Trend G4 1.0", "maker"=>"Volkswagen", "year"=>"2006", "car"=>{"model"=>"Gol Trend G4 1.0", "maker"=>"Volkswagen", "year"=>"2006"}}
  [1m[36mTRANSACTION (0.1ms)[0m  [1m[35mBEGIN[0m
  ↳ app/controllers/cars_controller.rb:20:in `create'
  [1m[36mCar Create (0.8ms)[0m  [1m[32mINSERT INTO "cars" ("model", "maker", "year", "created_at", "updated_at") VALUES ($1, $2, $3, $4, $5) RETURNING "id"[0m  [["model", "Gol Trend G4 1.0"], ["maker", "Volkswagen"], ["year", "2006"], ["created_at", "2022-08-27 16:26:24.341279"], ["updated_at", "2022-08-27 16:26:24.341279"]]
  ↳ app/controllers/cars_controller.rb:20:in `create'
  [1m[36mTRANSACTION (1.7ms)[0m  [1m[35mCOMMIT[0m
  ↳ app/controllers/cars_controller.rb:20:in `create'
Completed 201 Created in 10ms (Views: 0.8ms | ActiveRecord: 2.7ms | Allocations: 2024)


Started GET "/cars" for 127.0.0.1 at 2022-08-27 13:26:43 -0300
Processing by CarsController#index as */*
  Parameters: {"model"=>"Gol Trend G4 1.0", "maker"=>"Volkswagen", "year"=>"2006", "car"=>{"model"=>"Gol Trend G4 1.0", "maker"=>"Volkswagen", "year"=>"2006"}}
  [1m[36mCar Load (0.5ms)[0m  [1m[34mSELECT "cars".* FROM "cars"[0m
  ↳ app/controllers/cars_controller.rb:8:in `index'
Completed 200 OK in 6ms (Views: 4.4ms | ActiveRecord: 0.5ms | Allocations: 1009)


Started DELETE "/cars/2" for 127.0.0.1 at 2022-08-27 13:26:50 -0300
Processing by CarsController#destroy as */*
  Parameters: {"model"=>"Gol Trend G4 1.0", "maker"=>"Volkswagen", "year"=>"2006", "id"=>"2", "car"=>{"model"=>"Gol Trend G4 1.0", "maker"=>"Volkswagen", "year"=>"2006"}}
  [1m[36mCar Load (0.3ms)[0m  [1m[34mSELECT "cars".* FROM "cars" WHERE "cars"."id" = $1 LIMIT $2[0m  [["id", 2], ["LIMIT", 1]]
  ↳ app/controllers/cars_controller.rb:44:in `set_car'
  [1m[36mTRANSACTION (0.2ms)[0m  [1m[35mBEGIN[0m
  ↳ app/controllers/cars_controller.rb:38:in `destroy'
  [1m[36mCar Destroy (0.7ms)[0m  [1m[31mDELETE FROM "cars" WHERE "cars"."id" = $1[0m  [["id", 2]]
  ↳ app/controllers/cars_controller.rb:38:in `destroy'
  [1m[36mTRANSACTION (2.9ms)[0m  [1m[35mCOMMIT[0m
  ↳ app/controllers/cars_controller.rb:38:in `destroy'
Completed 204 No Content in 13ms (ActiveRecord: 4.1ms | Allocations: 2034)


Started GET "/cars" for 127.0.0.1 at 2022-08-27 13:27:01 -0300
Processing by CarsController#index as */*
  Parameters: {"model"=>"Gol Trend G4 1.0", "maker"=>"Volkswagen", "year"=>"2006", "car"=>{"model"=>"Gol Trend G4 1.0", "maker"=>"Volkswagen", "year"=>"2006"}}
  [1m[36mCar Load (0.2ms)[0m  [1m[34mSELECT "cars".* FROM "cars"[0m
  ↳ app/controllers/cars_controller.rb:8:in `index'
Completed 200 OK in 2ms (Views: 1.4ms | ActiveRecord: 0.2ms | Allocations: 909)


Started GET "/" for ::1 at 2022-08-29 21:59:38 -0300
  [1m[36mActiveRecord::SchemaMigration Pluck (1.1ms)[0m  [1m[34mSELECT "schema_migrations"."version" FROM "schema_migrations" ORDER BY "schema_migrations"."version" ASC[0m
Processing by Rails::WelcomeController#index as HTML
  Rendering /home/pedrozambao/.rbenv/versions/3.1.2/lib/ruby/gems/3.1.0/gems/railties-7.0.3.1/lib/rails/templates/rails/welcome/index.html.erb
  Rendered /home/pedrozambao/.rbenv/versions/3.1.2/lib/ruby/gems/3.1.0/gems/railties-7.0.3.1/lib/rails/templates/rails/welcome/index.html.erb (Duration: 2.0ms | Allocations: 550)
Completed 200 OK in 11ms (Views: 5.0ms | ActiveRecord: 0.0ms | Allocations: 3631)


Started GET "/cars?{}" for ::1 at 2022-08-29 22:07:43 -0300
Processing by CarsController#index as HTML
  Parameters: {"{}"=>nil}
  [1m[36mCar Load (2.5ms)[0m  [1m[34mSELECT "cars".* FROM "cars"[0m
  ↳ app/controllers/cars_controller.rb:8:in `index'
Completed 200 OK in 52ms (Views: 48.5ms | ActiveRecord: 22.4ms | Allocations: 9140)


Started GET "/cars?{}" for ::1 at 2022-08-29 22:07:47 -0300
Processing by CarsController#index as HTML
  Parameters: {"{}"=>nil}
  [1m[36mCar Load (0.4ms)[0m  [1m[34mSELECT "cars".* FROM "cars"[0m
  ↳ app/controllers/cars_controller.rb:8:in `index'
Completed 200 OK in 4ms (Views: 3.4ms | ActiveRecord: 0.4ms | Allocations: 1022)


Started GET "/cars?{}" for ::1 at 2022-08-29 22:14:20 -0300
Processing by CarsController#index as HTML
  Parameters: {"{}"=>nil}
  [1m[36mCar Load (0.6ms)[0m  [1m[34mSELECT "cars".* FROM "cars"[0m
  ↳ app/controllers/cars_controller.rb:8:in `index'
Completed 200 OK in 21ms (Views: 20.5ms | ActiveRecord: 8.2ms | Allocations: 3797)


Started GET "/cars?{}" for ::1 at 2022-08-29 22:14:22 -0300
Processing by CarsController#index as HTML
  Parameters: {"{}"=>nil}
  [1m[36mCar Load (0.5ms)[0m  [1m[34mSELECT "cars".* FROM "cars"[0m
  ↳ app/controllers/cars_controller.rb:8:in `index'
Completed 200 OK in 4ms (Views: 3.3ms | ActiveRecord: 0.5ms | Allocations: 918)


Started GET "/cars?{}" for ::1 at 2022-08-29 22:23:51 -0300
  [1m[36mActiveRecord::SchemaMigration Pluck (0.8ms)[0m  [1m[34mSELECT "schema_migrations"."version" FROM "schema_migrations" ORDER BY "schema_migrations"."version" ASC[0m
Processing by CarsController#index as HTML
  Parameters: {"{}"=>nil}
  [1m[36mCar Load (0.9ms)[0m  [1m[34mSELECT "cars".* FROM "cars"[0m
  ↳ app/controllers/cars_controller.rb:8:in `index'
Completed 200 OK in 40ms (Views: 16.7ms | ActiveRecord: 9.8ms | Allocations: 8324)


Started GET "/cars" for 127.0.0.1 at 2022-08-29 22:24:09 -0300
Processing by CarsController#index as */*
  Parameters: {"model"=>"Gol Trend G4 1.0", "maker"=>"Volkswagen", "year"=>"2006", "car"=>{"model"=>"Gol Trend G4 1.0", "maker"=>"Volkswagen", "year"=>"2006"}}
  [1m[36mCar Load (0.3ms)[0m  [1m[34mSELECT "cars".* FROM "cars"[0m
  ↳ app/controllers/cars_controller.rb:8:in `index'
Completed 200 OK in 4ms (Views: 3.1ms | ActiveRecord: 0.3ms | Allocations: 1027)


Started GET "/cars" for 127.0.0.1 at 2022-08-29 22:24:11 -0300
Processing by CarsController#index as */*
  Parameters: {"model"=>"Gol Trend G4 1.0", "maker"=>"Volkswagen", "year"=>"2006", "car"=>{"model"=>"Gol Trend G4 1.0", "maker"=>"Volkswagen", "year"=>"2006"}}
  [1m[36mCar Load (0.5ms)[0m  [1m[34mSELECT "cars".* FROM "cars"[0m
  ↳ app/controllers/cars_controller.rb:8:in `index'
Completed 200 OK in 5ms (Views: 4.0ms | ActiveRecord: 0.5ms | Allocations: 924)


Started GET "/cars?{}" for ::1 at 2022-08-29 22:24:48 -0300
Processing by CarsController#index as HTML
  Parameters: {"{}"=>nil}
  [1m[36mCar Load (0.5ms)[0m  [1m[34mSELECT "cars".* FROM "cars"[0m
  ↳ app/controllers/cars_controller.rb:8:in `index'
Completed 200 OK in 4ms (Views: 2.7ms | ActiveRecord: 0.5ms | Allocations: 919)


Started GET "/cars?{}" for ::1 at 2022-08-29 22:28:09 -0300
  [1m[36mActiveRecord::SchemaMigration Pluck (1.6ms)[0m  [1m[34mSELECT "schema_migrations"."version" FROM "schema_migrations" ORDER BY "schema_migrations"."version" ASC[0m
Processing by CarsController#index as HTML
  Parameters: {"{}"=>nil}
  [1m[36mCar Load (0.6ms)[0m  [1m[34mSELECT "cars".* FROM "cars"[0m
  ↳ app/controllers/cars_controller.rb:8:in `index'
Completed 200 OK in 36ms (Views: 13.3ms | ActiveRecord: 9.1ms | Allocations: 8323)


Started GET "/cars?{}" for ::1 at 2022-08-29 22:28:32 -0300
Processing by CarsController#index as HTML
  Parameters: {"{}"=>nil}
  [1m[36mCar Load (0.6ms)[0m  [1m[34mSELECT "cars".* FROM "cars"[0m
  ↳ app/controllers/cars_controller.rb:8:in `index'
Completed 200 OK in 8ms (Views: 6.0ms | ActiveRecord: 0.6ms | Allocations: 1020)


Started GET "/cars" for ::1 at 2022-08-29 22:28:34 -0300
Processing by CarsController#index as HTML
  [1m[36mCar Load (0.4ms)[0m  [1m[34mSELECT "cars".* FROM "cars"[0m
  ↳ app/controllers/cars_controller.rb:8:in `index'
Completed 200 OK in 5ms (Views: 3.6ms | ActiveRecord: 0.4ms | Allocations: 919)


Started GET "/cars" for ::1 at 2022-08-29 22:29:43 -0300
Processing by CarsController#index as HTML
  [1m[36mCar Load (0.4ms)[0m  [1m[34mSELECT "cars".* FROM "cars"[0m
  ↳ app/controllers/cars_controller.rb:8:in `index'
Completed 200 OK in 3ms (Views: 2.8ms | ActiveRecord: 0.4ms | Allocations: 919)


Started GET "/cars" for ::1 at 2022-08-29 22:29:44 -0300
Processing by CarsController#index as HTML
  [1m[36mCar Load (0.3ms)[0m  [1m[34mSELECT "cars".* FROM "cars"[0m
  ↳ app/controllers/cars_controller.rb:8:in `index'
Completed 200 OK in 4ms (Views: 3.1ms | ActiveRecord: 0.3ms | Allocations: 919)


Started GET "/cars" for ::1 at 2022-08-29 22:29:49 -0300
Processing by CarsController#index as HTML
  [1m[36mCar Load (0.3ms)[0m  [1m[34mSELECT "cars".* FROM "cars"[0m
  ↳ app/controllers/cars_controller.rb:8:in `index'
Completed 200 OK in 4ms (Views: 3.0ms | ActiveRecord: 0.3ms | Allocations: 906)


Started GET "/cars" for ::1 at 2022-08-29 22:29:49 -0300
Processing by CarsController#index as HTML
  [1m[36mCar Load (0.5ms)[0m  [1m[34mSELECT "cars".* FROM "cars"[0m
  ↳ app/controllers/cars_controller.rb:8:in `index'
Completed 200 OK in 9ms (Views: 7.0ms | ActiveRecord: 0.5ms | Allocations: 905)


Started GET "/cars" for ::1 at 2022-08-29 22:29:49 -0300
Processing by CarsController#index as HTML
  [1m[36mCar Load (0.5ms)[0m  [1m[34mSELECT "cars".* FROM "cars"[0m
  ↳ app/controllers/cars_controller.rb:8:in `index'
Completed 200 OK in 3ms (Views: 2.6ms | ActiveRecord: 0.5ms | Allocations: 905)


Started GET "/cars" for ::1 at 2022-08-29 22:29:50 -0300
Processing by CarsController#index as HTML
  [1m[36mCar Load (0.4ms)[0m  [1m[34mSELECT "cars".* FROM "cars"[0m
  ↳ app/controllers/cars_controller.rb:8:in `index'
Completed 200 OK in 7ms (Views: 5.9ms | ActiveRecord: 0.4ms | Allocations: 905)


Started GET "/cars" for ::1 at 2022-08-29 22:32:35 -0300
Processing by CarsController#index as HTML
  [1m[36mCar Load (0.6ms)[0m  [1m[34mSELECT "cars".* FROM "cars"[0m
  ↳ app/controllers/cars_controller.rb:8:in `index'
Completed 200 OK in 3ms (Views: 2.6ms | ActiveRecord: 0.6ms | Allocations: 905)


Started GET "/cars" for ::1 at 2022-08-29 22:32:35 -0300
Processing by CarsController#index as HTML
  [1m[36mCar Load (0.5ms)[0m  [1m[34mSELECT "cars".* FROM "cars"[0m
  ↳ app/controllers/cars_controller.rb:8:in `index'
Completed 200 OK in 4ms (Views: 3.3ms | ActiveRecord: 0.5ms | Allocations: 905)


Started GET "/cars" for ::1 at 2022-08-29 22:32:36 -0300
Processing by CarsController#index as HTML
  [1m[36mCar Load (0.3ms)[0m  [1m[34mSELECT "cars".* FROM "cars"[0m
  ↳ app/controllers/cars_controller.rb:8:in `index'
Completed 200 OK in 5ms (Views: 3.5ms | ActiveRecord: 0.3ms | Allocations: 905)


Started GET "/cars" for ::1 at 2022-08-29 22:32:36 -0300
Processing by CarsController#index as HTML
  [1m[36mCar Load (0.4ms)[0m  [1m[34mSELECT "cars".* FROM "cars"[0m
  ↳ app/controllers/cars_controller.rb:8:in `index'
Completed 200 OK in 5ms (Views: 3.4ms | ActiveRecord: 0.4ms | Allocations: 905)


Started GET "/cars" for ::1 at 2022-08-29 22:32:36 -0300
Processing by CarsController#index as HTML
  [1m[36mCar Load (0.8ms)[0m  [1m[34mSELECT "cars".* FROM "cars"[0m
  ↳ app/controllers/cars_controller.rb:8:in `index'
Completed 200 OK in 5ms (Views: 3.9ms | ActiveRecord: 0.8ms | Allocations: 905)


Started GET "/cars" for ::1 at 2022-08-29 22:37:34 -0300
Processing by CarsController#index as HTML
  [1m[36mCar Load (0.5ms)[0m  [1m[34mSELECT "cars".* FROM "cars"[0m
  ↳ app/controllers/cars_controller.rb:8:in `index'
Completed 200 OK in 3ms (Views: 2.7ms | ActiveRecord: 0.5ms | Allocations: 905)


Started GET "/cars" for ::1 at 2022-08-29 22:47:46 -0300
Processing by CarsController#index as */*
  [1m[36mCar Load (0.7ms)[0m  [1m[34mSELECT "cars".* FROM "cars"[0m
  ↳ app/controllers/cars_controller.rb:8:in `index'
Completed 200 OK in 23ms (Views: 22.0ms | ActiveRecord: 9.1ms | Allocations: 3836)


Started GET "/cars" for ::1 at 2022-08-29 22:47:58 -0300
Processing by CarsController#index as */*
  [1m[36mCar Load (0.5ms)[0m  [1m[34mSELECT "cars".* FROM "cars"[0m
  ↳ app/controllers/cars_controller.rb:8:in `index'
Completed 200 OK in 4ms (Views: 2.8ms | ActiveRecord: 0.5ms | Allocations: 910)


Started GET "/cars" for ::1 at 2022-08-29 22:52:03 -0300
Processing by CarsController#index as */*
  [1m[36mCar Load (0.3ms)[0m  [1m[34mSELECT "cars".* FROM "cars"[0m
  ↳ app/controllers/cars_controller.rb:8:in `index'
Completed 200 OK in 3ms (Views: 2.7ms | ActiveRecord: 0.3ms | Allocations: 910)


Started GET "/cars" for ::1 at 2022-08-29 22:55:29 -0300
Processing by CarsController#index as */*
  [1m[36mCar Load (0.5ms)[0m  [1m[34mSELECT "cars".* FROM "cars"[0m
  ↳ app/controllers/cars_controller.rb:8:in `index'
Completed 200 OK in 6ms (Views: 4.7ms | ActiveRecord: 0.5ms | Allocations: 910)


Started GET "/cars" for ::1 at 2022-08-29 22:55:51 -0300
Processing by CarsController#index as HTML
  [1m[36mCar Load (0.4ms)[0m  [1m[34mSELECT "cars".* FROM "cars"[0m
  ↳ app/controllers/cars_controller.rb:8:in `index'
Completed 200 OK in 3ms (Views: 2.8ms | ActiveRecord: 0.4ms | Allocations: 905)


Started GET "/cars" for ::1 at 2022-08-29 22:55:51 -0300
Processing by CarsController#index as */*
  [1m[36mCar Load (1.8ms)[0m  [1m[34mSELECT "cars".* FROM "cars"[0m
  ↳ app/controllers/cars_controller.rb:8:in `index'
Completed 200 OK in 7ms (Views: 4.5ms | ActiveRecord: 1.8ms | Allocations: 910)


Started GET "/cars" for ::1 at 2022-08-29 22:56:04 -0300
Processing by CarsController#index as HTML
  [1m[36mCar Load (0.6ms)[0m  [1m[34mSELECT "cars".* FROM "cars"[0m
  ↳ app/controllers/cars_controller.rb:8:in `index'
Completed 200 OK in 5ms (Views: 4.1ms | ActiveRecord: 0.6ms | Allocations: 905)


Started GET "/cars" for ::1 at 2022-08-29 22:56:04 -0300
Processing by CarsController#index as */*
  [1m[36mCar Load (0.5ms)[0m  [1m[34mSELECT "cars".* FROM "cars"[0m
  ↳ app/controllers/cars_controller.rb:8:in `index'
Completed 200 OK in 6ms (Views: 4.7ms | ActiveRecord: 0.5ms | Allocations: 910)


Started GET "/cars" for ::1 at 2022-08-29 22:56:05 -0300
Processing by CarsController#index as HTML
  [1m[36mCar Load (0.5ms)[0m  [1m[34mSELECT "cars".* FROM "cars"[0m
  ↳ app/controllers/cars_controller.rb:8:in `index'
Completed 200 OK in 5ms (Views: 4.4ms | ActiveRecord: 0.5ms | Allocations: 905)


Started GET "/cars" for ::1 at 2022-08-29 22:56:05 -0300
Processing by CarsController#index as */*
  [1m[36mCar Load (0.4ms)[0m  [1m[34mSELECT "cars".* FROM "cars"[0m
  ↳ app/controllers/cars_controller.rb:8:in `index'
Completed 200 OK in 4ms (Views: 3.5ms | ActiveRecord: 0.4ms | Allocations: 910)


Started GET "/cars" for ::1 at 2022-08-29 22:56:05 -0300
Processing by CarsController#index as HTML
  [1m[36mCar Load (1.0ms)[0m  [1m[34mSELECT "cars".* FROM "cars"[0m
  ↳ app/controllers/cars_controller.rb:8:in `index'
Completed 200 OK in 5ms (Views: 3.6ms | ActiveRecord: 1.0ms | Allocations: 905)


Started GET "/cars" for ::1 at 2022-08-29 22:56:05 -0300
Processing by CarsController#index as */*
  [1m[36mCar Load (0.5ms)[0m  [1m[34mSELECT "cars".* FROM "cars"[0m
  ↳ app/controllers/cars_controller.rb:8:in `index'
Completed 200 OK in 5ms (Views: 4.5ms | ActiveRecord: 0.5ms | Allocations: 910)


Started GET "/cars" for ::1 at 2022-08-29 22:56:06 -0300
Processing by CarsController#index as HTML
  [1m[36mCar Load (0.5ms)[0m  [1m[34mSELECT "cars".* FROM "cars"[0m
  ↳ app/controllers/cars_controller.rb:8:in `index'
Completed 200 OK in 5ms (Views: 4.0ms | ActiveRecord: 0.5ms | Allocations: 905)


Started GET "/cars" for ::1 at 2022-08-29 22:56:06 -0300
Processing by CarsController#index as */*
  [1m[36mCar Load (0.5ms)[0m  [1m[34mSELECT "cars".* FROM "cars"[0m
  ↳ app/controllers/cars_controller.rb:8:in `index'
Completed 200 OK in 5ms (Views: 3.6ms | ActiveRecord: 0.5ms | Allocations: 910)


Started GET "/cars" for ::1 at 2022-08-29 22:56:07 -0300
Processing by CarsController#index as HTML
  [1m[36mCar Load (0.4ms)[0m  [1m[34mSELECT "cars".* FROM "cars"[0m
  ↳ app/controllers/cars_controller.rb:8:in `index'
Completed 200 OK in 4ms (Views: 2.9ms | ActiveRecord: 0.4ms | Allocations: 905)


Started GET "/cars" for ::1 at 2022-08-29 22:56:07 -0300
Processing by CarsController#index as */*
  [1m[36mCar Load (0.5ms)[0m  [1m[34mSELECT "cars".* FROM "cars"[0m
  ↳ app/controllers/cars_controller.rb:8:in `index'
Completed 200 OK in 4ms (Views: 3.5ms | ActiveRecord: 0.5ms | Allocations: 910)


Started GET "/cars" for ::1 at 2022-08-29 22:56:22 -0300
Processing by CarsController#index as HTML
  [1m[36mCar Load (0.4ms)[0m  [1m[34mSELECT "cars".* FROM "cars"[0m
  ↳ app/controllers/cars_controller.rb:8:in `index'
Completed 200 OK in 4ms (Views: 2.9ms | ActiveRecord: 0.4ms | Allocations: 905)


Started GET "/cars" for ::1 at 2022-08-29 22:56:23 -0300
Processing by CarsController#index as HTML
  [1m[36mCar Load (0.5ms)[0m  [1m[34mSELECT "cars".* FROM "cars"[0m
  ↳ app/controllers/cars_controller.rb:8:in `index'
Completed 200 OK in 4ms (Views: 2.8ms | ActiveRecord: 0.5ms | Allocations: 905)


Started GET "/cars" for ::1 at 2022-08-29 22:56:30 -0300
Processing by CarsController#index as HTML
  [1m[36mCar Load (0.4ms)[0m  [1m[34mSELECT "cars".* FROM "cars"[0m
  ↳ app/controllers/cars_controller.rb:8:in `index'
Completed 200 OK in 3ms (Views: 2.6ms | ActiveRecord: 0.4ms | Allocations: 905)


Started GET "/cars" for ::1 at 2022-08-29 22:56:31 -0300
Processing by CarsController#index as HTML
  [1m[36mCar Load (0.4ms)[0m  [1m[34mSELECT "cars".* FROM "cars"[0m
  ↳ app/controllers/cars_controller.rb:8:in `index'
Completed 200 OK in 3ms (Views: 2.7ms | ActiveRecord: 0.4ms | Allocations: 905)


Started GET "/cars" for ::1 at 2022-08-29 22:56:47 -0300
Processing by CarsController#index as HTML
  [1m[36mCar Load (0.3ms)[0m  [1m[34mSELECT "cars".* FROM "cars"[0m
  ↳ app/controllers/cars_controller.rb:8:in `index'
Completed 200 OK in 3ms (Views: 2.7ms | ActiveRecord: 0.3ms | Allocations: 905)


Started GET "/cars" for ::1 at 2022-08-29 22:56:48 -0300
Processing by CarsController#index as HTML
  [1m[36mCar Load (0.6ms)[0m  [1m[34mSELECT "cars".* FROM "cars"[0m
  ↳ app/controllers/cars_controller.rb:8:in `index'
Completed 200 OK in 4ms (Views: 3.3ms | ActiveRecord: 0.6ms | Allocations: 905)


Started GET "/cars" for ::1 at 2022-08-29 22:56:53 -0300
Processing by CarsController#index as HTML
  [1m[36mCar Load (0.5ms)[0m  [1m[34mSELECT "cars".* FROM "cars"[0m
  ↳ app/controllers/cars_controller.rb:8:in `index'
Completed 200 OK in 4ms (Views: 3.2ms | ActiveRecord: 0.5ms | Allocations: 905)


Started GET "/cars" for ::1 at 2022-08-29 22:57:05 -0300
Processing by CarsController#index as HTML
  [1m[36mCar Load (0.5ms)[0m  [1m[34mSELECT "cars".* FROM "cars"[0m
  ↳ app/controllers/cars_controller.rb:8:in `index'
Completed 200 OK in 5ms (Views: 4.1ms | ActiveRecord: 0.5ms | Allocations: 905)


Started GET "/cars" for ::1 at 2022-08-29 22:57:06 -0300
Processing by CarsController#index as HTML
  [1m[36mCar Load (0.5ms)[0m  [1m[34mSELECT "cars".* FROM "cars"[0m
  ↳ app/controllers/cars_controller.rb:8:in `index'
Completed 200 OK in 5ms (Views: 4.3ms | ActiveRecord: 0.5ms | Allocations: 905)


Started GET "/cars" for ::1 at 2022-08-29 23:03:12 -0300
Processing by CarsController#index as HTML
  [1m[36mCar Load (0.7ms)[0m  [1m[34mSELECT "cars".* FROM "cars"[0m
  ↳ app/controllers/cars_controller.rb:8:in `index'
Completed 200 OK in 20ms (Views: 19.5ms | ActiveRecord: 8.4ms | Allocations: 3668)


Started GET "/cars?{}" for ::1 at 2022-08-29 23:05:09 -0300
Processing by CarsController#index as */*
  Parameters: {"{}"=>nil, "car"=>{}}
  [1m[36mCar Load (1.0ms)[0m  [1m[34mSELECT "cars".* FROM "cars"[0m
  ↳ app/controllers/cars_controller.rb:8:in `index'
Completed 200 OK in 6ms (Views: 4.3ms | ActiveRecord: 1.0ms | Allocations: 910)


Started GET "/cars?{}" for ::1 at 2022-08-29 23:05:10 -0300
Processing by CarsController#index as */*
  Parameters: {"{}"=>nil, "car"=>{}}
  [1m[36mCar Load (0.4ms)[0m  [1m[34mSELECT "cars".* FROM "cars"[0m
  ↳ app/controllers/cars_controller.rb:8:in `index'
Completed 200 OK in 3ms (Views: 2.7ms | ActiveRecord: 0.4ms | Allocations: 910)


Started GET "/cars?{}" for ::1 at 2022-08-29 23:05:25 -0300
Processing by CarsController#index as HTML
  Parameters: {"{}"=>nil, "car"=>{}}
  [1m[36mCar Load (0.4ms)[0m  [1m[34mSELECT "cars".* FROM "cars"[0m
  ↳ app/controllers/cars_controller.rb:8:in `index'
Completed 200 OK in 4ms (Views: 3.1ms | ActiveRecord: 0.4ms | Allocations: 905)


Started GET "/cars?{}" for ::1 at 2022-08-29 23:05:26 -0300
Processing by CarsController#index as HTML
  Parameters: {"{}"=>nil, "car"=>{}}
  [1m[36mCar Load (0.4ms)[0m  [1m[34mSELECT "cars".* FROM "cars"[0m
  ↳ app/controllers/cars_controller.rb:8:in `index'
Completed 200 OK in 3ms (Views: 2.8ms | ActiveRecord: 0.4ms | Allocations: 905)


Started GET "/cars?{}" for ::1 at 2022-08-29 23:05:27 -0300
Processing by CarsController#index as HTML
  Parameters: {"{}"=>nil, "car"=>{}}
  [1m[36mCar Load (0.4ms)[0m  [1m[34mSELECT "cars".* FROM "cars"[0m
  ↳ app/controllers/cars_controller.rb:8:in `index'
Completed 200 OK in 4ms (Views: 3.0ms | ActiveRecord: 0.4ms | Allocations: 905)


Started GET "/cars" for ::1 at 2022-08-29 23:07:28 -0300
Processing by CarsController#index as HTML
  Parameters: {"car"=>{}}
  [1m[36mCar Load (0.4ms)[0m  [1m[34mSELECT "cars".* FROM "cars"[0m
  ↳ app/controllers/cars_controller.rb:8:in `index'
Completed 200 OK in 4ms (Views: 3.2ms | ActiveRecord: 0.4ms | Allocations: 905)


Started GET "/cars" for ::1 at 2022-08-29 23:07:30 -0300
Processing by CarsController#index as HTML
  Parameters: {"car"=>{}}
  [1m[36mCar Load (0.4ms)[0m  [1m[34mSELECT "cars".* FROM "cars"[0m
  ↳ app/controllers/cars_controller.rb:8:in `index'
Completed 200 OK in 4ms (Views: 2.7ms | ActiveRecord: 0.4ms | Allocations: 905)


Started GET "/cars?callback=jQuery36005737807170949771_1661826148815&_=1661826148816" for ::1 at 2022-08-29 23:22:29 -0300
Processing by CarsController#index as */*
  Parameters: {"callback"=>"jQuery36005737807170949771_1661826148815", "_"=>"1661826148816"}
  [1m[36mCar Load (0.5ms)[0m  [1m[34mSELECT "cars".* FROM "cars"[0m
  ↳ app/controllers/cars_controller.rb:8:in `index'
Completed 200 OK in 19ms (Views: 19.0ms | ActiveRecord: 7.9ms | Allocations: 3694)


Started GET "/cars?callback=jQuery36008787644224182172_1661826197764&_=1661826197765" for ::1 at 2022-08-29 23:23:18 -0300
Processing by CarsController#index as */*
  Parameters: {"callback"=>"jQuery36008787644224182172_1661826197764", "_"=>"1661826197765"}
  [1m[36mCar Load (0.8ms)[0m  [1m[34mSELECT "cars".* FROM "cars"[0m
  ↳ app/controllers/cars_controller.rb:8:in `index'
Completed 200 OK in 4ms (Views: 3.3ms | ActiveRecord: 0.8ms | Allocations: 910)


Started GET "/cars" for ::1 at 2022-08-29 23:24:33 -0300
Processing by CarsController#index as */*
  [1m[36mCar Load (0.3ms)[0m  [1m[34mSELECT "cars".* FROM "cars"[0m
  ↳ app/controllers/cars_controller.rb:8:in `index'
Completed 200 OK in 3ms (Views: 2.6ms | ActiveRecord: 0.3ms | Allocations: 910)


Started GET "/cars" for ::1 at 2022-08-29 23:25:16 -0300
Processing by CarsController#index as */*
  [1m[36mCar Load (0.6ms)[0m  [1m[34mSELECT "cars".* FROM "cars"[0m
  ↳ app/controllers/cars_controller.rb:8:in `index'
Completed 200 OK in 4ms (Views: 3.2ms | ActiveRecord: 0.6ms | Allocations: 910)


Started GET "/cars" for ::1 at 2022-08-29 23:27:37 -0300
Processing by CarsController#index as */*
  [1m[36mCar Load (0.5ms)[0m  [1m[34mSELECT "cars".* FROM "cars"[0m
  ↳ app/controllers/cars_controller.rb:8:in `index'
Completed 200 OK in 4ms (Views: 2.7ms | ActiveRecord: 0.5ms | Allocations: 911)


Started GET "/cars" for ::1 at 2022-08-29 23:27:37 -0300
Processing by CarsController#index as */*
  [1m[36mCar Load (0.4ms)[0m  [1m[34mSELECT "cars".* FROM "cars"[0m
  ↳ app/controllers/cars_controller.rb:8:in `index'
Completed 200 OK in 4ms (Views: 3.2ms | ActiveRecord: 0.4ms | Allocations: 910)


Started GET "/cars" for ::1 at 2022-08-29 23:27:38 -0300
Processing by CarsController#index as */*
  [1m[36mCar Load (0.9ms)[0m  [1m[34mSELECT "cars".* FROM "cars"[0m
  ↳ app/controllers/cars_controller.rb:8:in `index'
Completed 200 OK in 5ms (Views: 3.8ms | ActiveRecord: 0.9ms | Allocations: 910)


Started GET "/cars" for ::1 at 2022-08-29 23:33:42 -0300
Processing by CarsController#index as HTML
  [1m[36mCar Load (0.8ms)[0m  [1m[34mSELECT "cars".* FROM "cars"[0m
  ↳ app/controllers/cars_controller.rb:8:in `index'
Completed 200 OK in 20ms (Views: 19.1ms | ActiveRecord: 8.2ms | Allocations: 3669)


Started GET "/cars" for ::1 at 2022-08-29 23:35:29 -0300
Processing by CarsController#index as HTML
  [1m[36mCar Load (0.4ms)[0m  [1m[34mSELECT "cars".* FROM "cars"[0m
  ↳ app/controllers/cars_controller.rb:8:in `index'
Completed 200 OK in 4ms (Views: 3.1ms | ActiveRecord: 0.4ms | Allocations: 905)


Started GET "/cars" for ::1 at 2022-08-29 23:37:32 -0300
Processing by CarsController#index as HTML
  [1m[36mCar Load (0.3ms)[0m  [1m[34mSELECT "cars".* FROM "cars"[0m
  ↳ app/controllers/cars_controller.rb:8:in `index'
Completed 200 OK in 3ms (Views: 2.7ms | ActiveRecord: 0.3ms | Allocations: 905)


Started GET "/cars" for ::1 at 2022-08-29 23:37:55 -0300
Processing by CarsController#index as HTML
  [1m[36mCar Load (0.4ms)[0m  [1m[34mSELECT "cars".* FROM "cars"[0m
  ↳ app/controllers/cars_controller.rb:8:in `index'
Completed 200 OK in 4ms (Views: 3.0ms | ActiveRecord: 0.4ms | Allocations: 905)


Started GET "/cars" for ::1 at 2022-08-29 23:37:56 -0300
Processing by CarsController#index as HTML
  [1m[36mCar Load (0.4ms)[0m  [1m[34mSELECT "cars".* FROM "cars"[0m
  ↳ app/controllers/cars_controller.rb:8:in `index'
Completed 200 OK in 5ms (Views: 4.2ms | ActiveRecord: 0.4ms | Allocations: 905)


Started GET "/cars" for ::1 at 2022-08-29 23:39:46 -0300
Processing by CarsController#index as HTML
  [1m[36mCar Load (0.4ms)[0m  [1m[34mSELECT "cars".* FROM "cars"[0m
  ↳ app/controllers/cars_controller.rb:8:in `index'
Completed 200 OK in 4ms (Views: 3.4ms | ActiveRecord: 0.4ms | Allocations: 905)


Started GET "/cars" for ::1 at 2022-08-29 23:40:43 -0300
Processing by CarsController#index as HTML
  [1m[36mCar Load (0.5ms)[0m  [1m[34mSELECT "cars".* FROM "cars"[0m
  ↳ app/controllers/cars_controller.rb:8:in `index'
Completed 200 OK in 4ms (Views: 3.2ms | ActiveRecord: 0.5ms | Allocations: 905)


Started GET "/cars" for ::1 at 2022-08-29 23:42:53 -0300
Processing by CarsController#index as HTML
  [1m[36mCar Load (0.4ms)[0m  [1m[34mSELECT "cars".* FROM "cars"[0m
  ↳ app/controllers/cars_controller.rb:8:in `index'
Completed 200 OK in 4ms (Views: 3.5ms | ActiveRecord: 0.4ms | Allocations: 905)


Started GET "/cars" for ::1 at 2022-08-29 23:43:42 -0300
Processing by CarsController#index as HTML
  [1m[36mCar Load (0.3ms)[0m  [1m[34mSELECT "cars".* FROM "cars"[0m
  ↳ app/controllers/cars_controller.rb:8:in `index'
Completed 200 OK in 4ms (Views: 3.0ms | ActiveRecord: 0.3ms | Allocations: 905)


Started GET "/cars" for ::1 at 2022-08-29 23:43:43 -0300
Processing by CarsController#index as HTML
  [1m[36mCar Load (0.4ms)[0m  [1m[34mSELECT "cars".* FROM "cars"[0m
  ↳ app/controllers/cars_controller.rb:8:in `index'
Completed 200 OK in 4ms (Views: 2.8ms | ActiveRecord: 0.4ms | Allocations: 905)


Started GET "/cars" for ::1 at 2022-08-29 23:43:49 -0300
Processing by CarsController#index as HTML
  [1m[36mCar Load (0.5ms)[0m  [1m[34mSELECT "cars".* FROM "cars"[0m
  ↳ app/controllers/cars_controller.rb:8:in `index'
Completed 200 OK in 4ms (Views: 2.9ms | ActiveRecord: 0.5ms | Allocations: 905)


Started GET "/cars" for ::1 at 2022-08-29 23:44:04 -0300
Processing by CarsController#index as HTML
  [1m[36mCar Load (0.4ms)[0m  [1m[34mSELECT "cars".* FROM "cars"[0m
  ↳ app/controllers/cars_controller.rb:8:in `index'
Completed 200 OK in 3ms (Views: 2.5ms | ActiveRecord: 0.4ms | Allocations: 905)


Started GET "/cars" for ::1 at 2022-08-29 23:47:46 -0300
Processing by CarsController#index as HTML
  [1m[36mCar Load (0.4ms)[0m  [1m[34mSELECT "cars".* FROM "cars"[0m
  ↳ app/controllers/cars_controller.rb:8:in `index'
Completed 200 OK in 4ms (Views: 2.8ms | ActiveRecord: 0.4ms | Allocations: 905)


Started GET "/cars" for ::1 at 2022-08-29 23:48:19 -0300
Processing by CarsController#index as HTML
  [1m[36mCar Load (0.4ms)[0m  [1m[34mSELECT "cars".* FROM "cars"[0m
  ↳ app/controllers/cars_controller.rb:8:in `index'
Completed 200 OK in 3ms (Views: 2.6ms | ActiveRecord: 0.4ms | Allocations: 905)


Started GET "/cars" for ::1 at 2022-08-29 23:48:19 -0300
Processing by CarsController#index as HTML
  [1m[36mCar Load (0.5ms)[0m  [1m[34mSELECT "cars".* FROM "cars"[0m
  ↳ app/controllers/cars_controller.rb:8:in `index'
Completed 200 OK in 5ms (Views: 3.8ms | ActiveRecord: 0.5ms | Allocations: 905)


Started GET "/cars" for ::1 at 2022-08-29 23:59:06 -0300
Processing by CarsController#index as HTML
  [1m[36mCar Load (0.8ms)[0m  [1m[34mSELECT "cars".* FROM "cars"[0m
  ↳ app/controllers/cars_controller.rb:8:in `index'
Completed 200 OK in 20ms (Views: 19.4ms | ActiveRecord: 8.5ms | Allocations: 3668)


Started GET "/cars" for ::1 at 2022-08-29 23:59:16 -0300
Processing by CarsController#index as HTML
  [1m[36mCar Load (0.6ms)[0m  [1m[34mSELECT "cars".* FROM "cars"[0m
  ↳ app/controllers/cars_controller.rb:8:in `index'
Completed 200 OK in 7ms (Views: 5.5ms | ActiveRecord: 0.6ms | Allocations: 905)


Started GET "/cars" for ::1 at 2022-08-30 00:00:23 -0300
Processing by CarsController#index as HTML
  [1m[36mCar Load (0.5ms)[0m  [1m[34mSELECT "cars".* FROM "cars"[0m
  ↳ app/controllers/cars_controller.rb:8:in `index'
Completed 200 OK in 4ms (Views: 3.1ms | ActiveRecord: 0.5ms | Allocations: 905)


Started GET "/cars" for ::1 at 2022-08-30 00:00:30 -0300
Processing by CarsController#index as HTML
  [1m[36mCar Load (0.4ms)[0m  [1m[34mSELECT "cars".* FROM "cars"[0m
  ↳ app/controllers/cars_controller.rb:8:in `index'
Completed 200 OK in 4ms (Views: 3.5ms | ActiveRecord: 0.4ms | Allocations: 905)


Started GET "/cars" for ::1 at 2022-08-30 00:00:46 -0300
Processing by CarsController#index as HTML
  [1m[36mCar Load (0.6ms)[0m  [1m[34mSELECT "cars".* FROM "cars"[0m
  ↳ app/controllers/cars_controller.rb:8:in `index'
Completed 200 OK in 4ms (Views: 3.0ms | ActiveRecord: 0.6ms | Allocations: 905)


Started GET "/cars" for ::1 at 2022-08-30 00:00:47 -0300
Processing by CarsController#index as HTML
  [1m[36mCar Load (0.7ms)[0m  [1m[34mSELECT "cars".* FROM "cars"[0m
  ↳ app/controllers/cars_controller.rb:8:in `index'
Completed 200 OK in 5ms (Views: 3.6ms | ActiveRecord: 0.7ms | Allocations: 905)


Started GET "/cars" for ::1 at 2022-08-30 00:01:38 -0300
Processing by CarsController#index as HTML
  [1m[36mCar Load (0.3ms)[0m  [1m[34mSELECT "cars".* FROM "cars"[0m
  ↳ app/controllers/cars_controller.rb:8:in `index'
Completed 200 OK in 3ms (Views: 2.7ms | ActiveRecord: 0.3ms | Allocations: 905)


Started GET "/cars" for ::1 at 2022-08-30 00:01:57 -0300
Processing by CarsController#index as HTML
  [1m[36mCar Load (0.4ms)[0m  [1m[34mSELECT "cars".* FROM "cars"[0m
  ↳ app/controllers/cars_controller.rb:8:in `index'
Completed 200 OK in 3ms (Views: 2.6ms | ActiveRecord: 0.4ms | Allocations: 905)


Started GET "/cars" for ::1 at 2022-08-30 00:01:58 -0300
Processing by CarsController#index as HTML
  [1m[36mCar Load (0.5ms)[0m  [1m[34mSELECT "cars".* FROM "cars"[0m
  ↳ app/controllers/cars_controller.rb:8:in `index'
Completed 200 OK in 4ms (Views: 3.2ms | ActiveRecord: 0.5ms | Allocations: 905)


Started GET "/cars" for ::1 at 2022-08-30 00:02:16 -0300
Processing by CarsController#index as HTML
  [1m[36mCar Load (0.4ms)[0m  [1m[34mSELECT "cars".* FROM "cars"[0m
  ↳ app/controllers/cars_controller.rb:8:in `index'
Completed 200 OK in 4ms (Views: 2.9ms | ActiveRecord: 0.4ms | Allocations: 905)


Started GET "/cars" for ::1 at 2022-08-30 00:21:57 -0300
Processing by CarsController#index as HTML
  [1m[36mCar Load (0.6ms)[0m  [1m[34mSELECT "cars".* FROM "cars"[0m
  ↳ app/controllers/cars_controller.rb:8:in `index'
Completed 200 OK in 21ms (Views: 20.2ms | ActiveRecord: 9.3ms | Allocations: 3668)


Started GET "/cars" for ::1 at 2022-08-30 00:25:47 -0300
Processing by CarsController#index as HTML
  [1m[36mCar Load (0.8ms)[0m  [1m[34mSELECT "cars".* FROM "cars"[0m
  ↳ app/controllers/cars_controller.rb:8:in `index'
Completed 200 OK in 4ms (Views: 2.8ms | ActiveRecord: 0.8ms | Allocations: 905)


Started GET "/cars" for ::1 at 2022-08-30 00:25:53 -0300
Processing by CarsController#index as HTML
  [1m[36mCar Load (0.5ms)[0m  [1m[34mSELECT "cars".* FROM "cars"[0m
  ↳ app/controllers/cars_controller.rb:8:in `index'
Completed 200 OK in 4ms (Views: 3.1ms | ActiveRecord: 0.5ms | Allocations: 905)


Started GET "/cars" for ::1 at 2022-08-30 00:25:53 -0300
Processing by CarsController#index as HTML
  [1m[36mCar Load (0.5ms)[0m  [1m[34mSELECT "cars".* FROM "cars"[0m
  ↳ app/controllers/cars_controller.rb:8:in `index'
Completed 200 OK in 3ms (Views: 2.7ms | ActiveRecord: 0.5ms | Allocations: 905)


Started GET "/cars" for ::1 at 2022-08-30 00:26:36 -0300
Processing by CarsController#index as HTML
  [1m[36mCar Load (0.4ms)[0m  [1m[34mSELECT "cars".* FROM "cars"[0m
  ↳ app/controllers/cars_controller.rb:8:in `index'
Completed 200 OK in 3ms (Views: 2.7ms | ActiveRecord: 0.4ms | Allocations: 905)


Started GET "/cars" for ::1 at 2022-08-30 00:26:37 -0300
Processing by CarsController#index as HTML
  [1m[36mCar Load (0.6ms)[0m  [1m[34mSELECT "cars".* FROM "cars"[0m
  ↳ app/controllers/cars_controller.rb:8:in `index'
Completed 200 OK in 4ms (Views: 2.7ms | ActiveRecord: 0.6ms | Allocations: 905)


Started GET "/cars" for ::1 at 2022-08-30 00:26:44 -0300
Processing by CarsController#index as HTML
  [1m[36mCar Load (0.3ms)[0m  [1m[34mSELECT "cars".* FROM "cars"[0m
  ↳ app/controllers/cars_controller.rb:8:in `index'
Completed 200 OK in 3ms (Views: 2.5ms | ActiveRecord: 0.3ms | Allocations: 905)


Started GET "/cars" for ::1 at 2022-08-30 00:26:45 -0300
Processing by CarsController#index as HTML
  [1m[36mCar Load (0.4ms)[0m  [1m[34mSELECT "cars".* FROM "cars"[0m
  ↳ app/controllers/cars_controller.rb:8:in `index'
Completed 200 OK in 3ms (Views: 2.5ms | ActiveRecord: 0.4ms | Allocations: 905)


Started GET "/cars" for ::1 at 2022-08-30 00:26:54 -0300
Processing by CarsController#index as HTML
  [1m[36mCar Load (0.3ms)[0m  [1m[34mSELECT "cars".* FROM "cars"[0m
  ↳ app/controllers/cars_controller.rb:8:in `index'
Completed 200 OK in 8ms (Views: 7.6ms | ActiveRecord: 0.3ms | Allocations: 905)


Started GET "/cars" for ::1 at 2022-08-30 00:29:24 -0300
Processing by CarsController#index as HTML
  [1m[36mCar Load (0.4ms)[0m  [1m[34mSELECT "cars".* FROM "cars"[0m
  ↳ app/controllers/cars_controller.rb:8:in `index'
Completed 200 OK in 7ms (Views: 5.9ms | ActiveRecord: 0.4ms | Allocations: 905)


Started GET "/cars" for ::1 at 2022-08-30 00:29:46 -0300
Processing by CarsController#index as HTML
  [1m[36mCar Load (0.5ms)[0m  [1m[34mSELECT "cars".* FROM "cars"[0m
  ↳ app/controllers/cars_controller.rb:8:in `index'
Completed 200 OK in 10ms (Views: 8.7ms | ActiveRecord: 0.5ms | Allocations: 905)


Started GET "/cars" for ::1 at 2022-08-30 00:30:18 -0300
Processing by CarsController#index as HTML
  [1m[36mCar Load (0.3ms)[0m  [1m[34mSELECT "cars".* FROM "cars"[0m
  ↳ app/controllers/cars_controller.rb:8:in `index'
Completed 200 OK in 7ms (Views: 6.4ms | ActiveRecord: 0.3ms | Allocations: 905)


Started GET "/cars" for ::1 at 2022-08-30 00:30:23 -0300
Processing by CarsController#index as HTML
  [1m[36mCar Load (0.4ms)[0m  [1m[34mSELECT "cars".* FROM "cars"[0m
  ↳ app/controllers/cars_controller.rb:8:in `index'
Completed 200 OK in 7ms (Views: 6.2ms | ActiveRecord: 0.4ms | Allocations: 905)


Started GET "/cars" for ::1 at 2022-08-30 00:30:29 -0300
Processing by CarsController#index as HTML
  [1m[36mCar Load (0.4ms)[0m  [1m[34mSELECT "cars".* FROM "cars"[0m
  ↳ app/controllers/cars_controller.rb:8:in `index'
Completed 200 OK in 8ms (Views: 7.5ms | ActiveRecord: 0.4ms | Allocations: 906)


Started GET "/cars" for ::1 at 2022-08-30 00:31:32 -0300
Processing by CarsController#index as HTML
  [1m[36mCar Load (0.4ms)[0m  [1m[34mSELECT "cars".* FROM "cars"[0m
  ↳ app/controllers/cars_controller.rb:8:in `index'
Completed 200 OK in 11ms (Views: 10.0ms | ActiveRecord: 0.4ms | Allocations: 905)


Started GET "/cars" for ::1 at 2022-08-30 00:31:39 -0300
Processing by CarsController#index as HTML
  [1m[36mCar Load (0.4ms)[0m  [1m[34mSELECT "cars".* FROM "cars"[0m
  ↳ app/controllers/cars_controller.rb:8:in `index'
Completed 200 OK in 27ms (Views: 25.6ms | ActiveRecord: 0.4ms | Allocations: 906)


